01/18/24 09:44:02 ******************************************************
01/18/24 09:44:02 ** condor_scheduniv_exec.1169.0 (CONDOR_DAGMAN) STARTING UP
01/18/24 09:44:02 ** /usr/bin/condor_dagman
01/18/24 09:44:02 ** SubsystemInfo: name=DAGMAN type=DAGMAN(9) class=CLIENT(2)
01/18/24 09:44:02 ** Configuration: subsystem:DAGMAN local:<NONE> class:CLIENT
01/18/24 09:44:02 ** $CondorVersion: 23.3.0 2024-01-04 BuildID: 700476 PackageID: 23.3.0-1.1 $
01/18/24 09:44:02 ** $CondorPlatform: X86_64-Ubuntu_22.04 $
01/18/24 09:44:02 ** PID = 3526
01/18/24 09:44:02 ** Log last touched time unavailable (No such file or directory)
01/18/24 09:44:02 ******************************************************
01/18/24 09:44:02 Using config source: /etc/condor/condor_config
01/18/24 09:44:02 Using local config sources: 
01/18/24 09:44:02    /etc/condor/config.d/01-submit.config
01/18/24 09:44:02    /etc/condor/config.d/10-stash-plugin.conf
01/18/24 09:44:02    /etc/condor/condor_config.local
01/18/24 09:44:02 config Macros = 79, Sorted = 79, StringBytes = 2335, TablesBytes = 2900
01/18/24 09:44:02 CLASSAD_CACHING is ENABLED
01/18/24 09:44:02 Daemon Log is logging: D_ALWAYS D_ERROR D_STATUS
01/18/24 09:44:02 DaemonCore: No command port requested.
01/18/24 09:44:02 DAGMAN_USE_STRICT setting: 1
01/18/24 09:44:02 DAGMAN_VERBOSITY setting: 3
01/18/24 09:44:02 DAGMAN_DEBUG_CACHE_SIZE setting: 5242880
01/18/24 09:44:02 DAGMAN_DEBUG_CACHE_ENABLE setting: False
01/18/24 09:44:02 DAGMAN_SUBMIT_DELAY setting: 0
01/18/24 09:44:02 DAGMAN_MAX_SUBMIT_ATTEMPTS setting: 6
01/18/24 09:44:02 DAGMAN_STARTUP_CYCLE_DETECT setting: False
01/18/24 09:44:02 DAGMAN_MAX_SUBMITS_PER_INTERVAL setting: 100
01/18/24 09:44:02 DAGMAN_AGGRESSIVE_SUBMIT setting: False
01/18/24 09:44:02 DAGMAN_USER_LOG_SCAN_INTERVAL setting: 5
01/18/24 09:44:02 DAGMAN_QUEUE_UPDATE_INTERVAL setting: 300
01/18/24 09:44:02 DAGMAN_DEFAULT_PRIORITY setting: 0
01/18/24 09:44:02 DAGMAN_SUPPRESS_NOTIFICATION setting: True
01/18/24 09:44:02 allow_events (DAGMAN_ALLOW_EVENTS) setting: 114
01/18/24 09:44:02 DAGMAN_RETRY_SUBMIT_FIRST setting: True
01/18/24 09:44:02 DAGMAN_RETRY_NODE_FIRST setting: False
01/18/24 09:44:02 DAGMAN_MAX_JOBS_IDLE setting: 1000
01/18/24 09:44:02 DAGMAN_MAX_JOBS_SUBMITTED setting: 0
01/18/24 09:44:02 DAGMAN_MAX_PRE_SCRIPTS setting: 20
01/18/24 09:44:02 DAGMAN_MAX_POST_SCRIPTS setting: 20
01/18/24 09:44:02 DAGMAN_MAX_HOLD_SCRIPTS setting: 20
01/18/24 09:44:02 DAGMAN_MUNGE_NODE_NAMES setting: True
01/18/24 09:44:02 DAGMAN_PROHIBIT_MULTI_JOBS setting: False
01/18/24 09:44:02 DAGMAN_SUBMIT_DEPTH_FIRST setting: False
01/18/24 09:44:02 DAGMAN_ALWAYS_RUN_POST setting: False
01/18/24 09:44:02 DAGMAN_CONDOR_SUBMIT_EXE setting: /usr/bin/condor_submit
01/18/24 09:44:02 DAGMAN_USE_DIRECT_SUBMIT setting: True
01/18/24 09:44:02 DAGMAN_DEFAULT_APPEND_VARS setting: False
01/18/24 09:44:02 DAGMAN_ABORT_DUPLICATES setting: True
01/18/24 09:44:02 DAGMAN_ABORT_ON_SCARY_SUBMIT setting: True
01/18/24 09:44:02 DAGMAN_PENDING_REPORT_INTERVAL setting: 600
01/18/24 09:44:02 DAGMAN_AUTO_RESCUE setting: True
01/18/24 09:44:02 DAGMAN_MAX_RESCUE_NUM setting: 100
01/18/24 09:44:02 DAGMAN_WRITE_PARTIAL_RESCUE setting: True
01/18/24 09:44:02 DAGMAN_DEFAULT_NODE_LOG setting: @(DAG_DIR)/@(DAG_FILE).nodes.log
01/18/24 09:44:02 DAGMAN_GENERATE_SUBDAG_SUBMITS setting: True
01/18/24 09:44:02 DAGMAN_MAX_JOB_HOLDS setting: 100
01/18/24 09:44:02 DAGMAN_HOLD_CLAIM_TIME setting: 20
01/18/24 09:44:02 ALL_DEBUG setting: 
01/18/24 09:44:02 DAGMAN_DEBUG setting: 
01/18/24 09:44:02 DAGMAN_SUPPRESS_JOB_LOGS setting: False
01/18/24 09:44:02 DAGMAN_REMOVE_NODE_JOBS setting: True
01/18/24 09:44:02 DAGMAN will adjust edges after parsing
01/18/24 09:44:02 argv[0] == "condor_scheduniv_exec.1169.0"
01/18/24 09:44:02 argv[1] == "-Lockfile"
01/18/24 09:44:02 argv[2] == "workflow.dag.lock"
01/18/24 09:44:02 argv[3] == "-AutoRescue"
01/18/24 09:44:02 argv[4] == "1"
01/18/24 09:44:02 argv[5] == "-DoRescueFrom"
01/18/24 09:44:02 argv[6] == "0"
01/18/24 09:44:02 argv[7] == "-Dag"
01/18/24 09:44:02 argv[8] == "workflow.dag"
01/18/24 09:44:02 argv[9] == "-Suppress_notification"
01/18/24 09:44:02 argv[10] == "-CsdVersion"
01/18/24 09:44:02 argv[11] == "$CondorVersion: 23.3.0 2024-01-04 BuildID: 700476 PackageID: 23.3.0-1.1 $"
01/18/24 09:44:02 argv[12] == "-Dagman"
01/18/24 09:44:02 argv[13] == "/usr/bin/condor_dagman"
01/18/24 09:44:02 Can't open directory "/etc/condor/passwords.d" as PRIV_ROOT, errno: 13 (Permission denied)
01/18/24 09:44:02 Can't open directory "/etc/condor/passwords.d" as PRIV_ROOT, errno: 13 (Permission denied)
01/18/24 09:44:02 Workflow batch-id: <1169.0>
01/18/24 09:44:02 Workflow batch-name: <workflow.dag+1169>
01/18/24 09:44:02 Workflow accounting_group: <>
01/18/24 09:44:02 Workflow accounting_group_user: <>
01/18/24 09:44:02 Warning: failed to get attribute DAGNodeName
01/18/24 09:44:02 DAGMAN_LOG_ON_NFS_IS_ERROR setting: False
01/18/24 09:44:02 Default node log file is: </home/ubuntu/Project7008/Workflow/./workflow.dag.nodes.log>
01/18/24 09:44:02 DAG Lockfile will be written to workflow.dag.lock
01/18/24 09:44:02 DAG Input file is workflow.dag
01/18/24 09:44:02 Parsing 1 dagfiles
01/18/24 09:44:02 Parsing workflow.dag ...
01/18/24 09:44:02 Adjusting edges
01/18/24 09:44:02 Dag contains 5 total jobs
01/18/24 09:44:02 Bootstrapping...
01/18/24 09:44:02 Number of pre-completed nodes: 0
01/18/24 09:44:02 MultiLogFiles: truncating log file /home/ubuntu/Project7008/Workflow/./workflow.dag.nodes.log
01/18/24 09:44:02 DAG status: 0 (DAG_STATUS_OK)
01/18/24 09:44:02 Of 5 nodes total:
01/18/24 09:44:02  Done     Pre   Queued    Post   Ready   Un-Ready   Failed   Futile
01/18/24 09:44:02   ===     ===      ===     ===     ===        ===      ===      ===
01/18/24 09:44:02     0       0        0       0       1          4        0        0
01/18/24 09:44:02 0 job proc(s) currently held
01/18/24 09:44:02 DAGMan Runtime Statistics: [ EventCycleTimeCount = 0.0; EventCycleTimeSum = 0.0; LogProcessCycleTimeCount = 0.0; LogProcessCycleTimeSum = 0.0; SleepCycleTimeCount = 0.0; SleepCycleTimeSum = 0.0; SubmitCycleTimeCount = 0.0; SubmitCycleTimeSum = 0.0; ]
01/18/24 09:44:02 Registering condor_event_timer...
01/18/24 09:44:03 Submitting HTCondor Node A job(s)...
01/18/24 09:44:03 Submitting node A from file /home/ubuntu/Project7008/code/pre-processing/pre-processing.sub using direct job submission
01/18/24 09:44:03 	assigned HTCondor ID (1170.0.0)
01/18/24 09:44:03 Just submitted 1 job this cycle...
01/18/24 09:44:03 DAG status: 0 (DAG_STATUS_OK)
01/18/24 09:44:03 Of 5 nodes total:
01/18/24 09:44:03  Done     Pre   Queued    Post   Ready   Un-Ready   Failed   Futile
01/18/24 09:44:03   ===     ===      ===     ===     ===        ===      ===      ===
01/18/24 09:44:03     0       0        1       0       0          4        0        0
01/18/24 09:44:03 0 job proc(s) currently held
01/18/24 09:44:03 DAGMan Runtime Statistics: [ EventCycleTimeCount = 0.0; EventCycleTimeSum = 0.0; LogProcessCycleTimeCount = 0.0; LogProcessCycleTimeSum = 0.0; SleepCycleTimeCount = 0.0; SleepCycleTimeSum = 0.0; SubmitCycleTimeAvg = 0.05391812324523926; SubmitCycleTimeCount = 1.0; SubmitCycleTimeMax = 0.05391812324523926; SubmitCycleTimeMin = 0.05391812324523926; SubmitCycleTimeStd = 0.05391812324523926; SubmitCycleTimeSum = 0.05391812324523926; ]
01/18/24 09:44:08 Currently monitoring 1 HTCondor log file(s)
01/18/24 09:44:08 Reassigning the id of job A from (1170.0.0) to (1170.0.0)
01/18/24 09:44:08 Event: ULOG_SUBMIT for HTCondor Node A (1170.0.0) {01/18/24 09:44:03}
01/18/24 09:44:08 Number of idle job procs: 1
01/18/24 09:44:08 Reassigning the id of job A from (1170.0.0) to (1170.1.0)
01/18/24 09:44:08 Event: ULOG_SUBMIT for HTCondor Node A (1170.1.0) {01/18/24 09:44:03}
01/18/24 09:44:08 Number of idle job procs: 2
01/18/24 09:44:08 Reassigning the id of job A from (1170.1.0) to (1170.2.0)
01/18/24 09:44:08 Event: ULOG_SUBMIT for HTCondor Node A (1170.2.0) {01/18/24 09:44:03}
01/18/24 09:44:08 Number of idle job procs: 3
01/18/24 09:44:08 Reassigning the id of job A from (1170.2.0) to (1170.3.0)
01/18/24 09:44:08 Event: ULOG_SUBMIT for HTCondor Node A (1170.3.0) {01/18/24 09:44:03}
01/18/24 09:44:08 Number of idle job procs: 4
01/18/24 09:44:08 Reassigning the id of job A from (1170.3.0) to (1170.4.0)
01/18/24 09:44:08 Event: ULOG_SUBMIT for HTCondor Node A (1170.4.0) {01/18/24 09:44:03}
01/18/24 09:44:08 Number of idle job procs: 5
01/18/24 09:44:08 Reassigning the id of job A from (1170.4.0) to (1170.5.0)
01/18/24 09:44:08 Event: ULOG_SUBMIT for HTCondor Node A (1170.5.0) {01/18/24 09:44:03}
01/18/24 09:44:08 Number of idle job procs: 6
01/18/24 09:44:08 Reassigning the id of job A from (1170.5.0) to (1170.6.0)
01/18/24 09:44:08 Event: ULOG_SUBMIT for HTCondor Node A (1170.6.0) {01/18/24 09:44:03}
01/18/24 09:44:08 Number of idle job procs: 7
01/18/24 09:44:08 Reassigning the id of job A from (1170.6.0) to (1170.7.0)
01/18/24 09:44:08 Event: ULOG_SUBMIT for HTCondor Node A (1170.7.0) {01/18/24 09:44:03}
01/18/24 09:44:08 Number of idle job procs: 8
01/18/24 09:44:28 Currently monitoring 1 HTCondor log file(s)
01/18/24 09:44:28 Event: ULOG_EXECUTE for HTCondor Node A (1170.0.0) {01/18/24 09:44:23}
01/18/24 09:44:28 Number of idle job procs: 7
01/18/24 09:44:28 Event: ULOG_EXECUTE for HTCondor Node A (1170.2.0) {01/18/24 09:44:23}
01/18/24 09:44:28 Number of idle job procs: 6
01/18/24 09:44:28 Event: ULOG_EXECUTE for HTCondor Node A (1170.1.0) {01/18/24 09:44:23}
01/18/24 09:44:28 Number of idle job procs: 5
01/18/24 09:44:28 Event: ULOG_EXECUTE for HTCondor Node A (1170.3.0) {01/18/24 09:44:23}
01/18/24 09:44:28 Number of idle job procs: 4
01/18/24 09:44:28 Event: ULOG_JOB_TERMINATED for HTCondor Node A (1170.2.0) {01/18/24 09:44:25}
01/18/24 09:44:28 Number of idle job procs: 4
01/18/24 09:44:28 Node A job proc (1170.2.0) completed successfully.
01/18/24 09:44:28 Event: ULOG_JOB_TERMINATED for HTCondor Node A (1170.1.0) {01/18/24 09:44:26}
01/18/24 09:44:28 Number of idle job procs: 4
01/18/24 09:44:28 Node A job proc (1170.1.0) completed successfully.
01/18/24 09:44:28 Event: ULOG_JOB_TERMINATED for HTCondor Node A (1170.0.0) {01/18/24 09:44:26}
01/18/24 09:44:28 Number of idle job procs: 4
01/18/24 09:44:28 Node A job proc (1170.0.0) completed successfully.
01/18/24 09:44:28 Event: ULOG_EXECUTE for HTCondor Node A (1170.4.0) {01/18/24 09:44:26}
01/18/24 09:44:28 Number of idle job procs: 3
01/18/24 09:44:28 Event: ULOG_EXECUTE for HTCondor Node A (1170.5.0) {01/18/24 09:44:27}
01/18/24 09:44:28 Number of idle job procs: 2
01/18/24 09:44:28 Event: ULOG_EXECUTE for HTCondor Node A (1170.6.0) {01/18/24 09:44:27}
01/18/24 09:44:28 Number of idle job procs: 1
01/18/24 09:44:28 Event: ULOG_JOB_TERMINATED for HTCondor Node A (1170.5.0) {01/18/24 09:44:28}
01/18/24 09:44:28 Number of idle job procs: 1
01/18/24 09:44:28 Node A job proc (1170.5.0) completed successfully.
01/18/24 09:44:28 Event: ULOG_JOB_TERMINATED for HTCondor Node A (1170.4.0) {01/18/24 09:44:28}
01/18/24 09:44:28 Number of idle job procs: 1
01/18/24 09:44:28 Node A job proc (1170.4.0) completed successfully.
01/18/24 09:44:33 Currently monitoring 1 HTCondor log file(s)
01/18/24 09:44:33 Event: ULOG_JOB_TERMINATED for HTCondor Node A (1170.3.0) {01/18/24 09:44:28}
01/18/24 09:44:33 Number of idle job procs: 1
01/18/24 09:44:33 Node A job proc (1170.3.0) completed successfully.
01/18/24 09:44:33 Event: ULOG_EXECUTE for HTCondor Node A (1170.7.0) {01/18/24 09:44:29}
01/18/24 09:44:33 Number of idle job procs: 0
01/18/24 09:44:33 Event: ULOG_JOB_TERMINATED for HTCondor Node A (1170.6.0) {01/18/24 09:44:33}
01/18/24 09:44:33 Number of idle job procs: 0
01/18/24 09:44:33 Node A job proc (1170.6.0) completed successfully.
01/18/24 09:44:38 Currently monitoring 1 HTCondor log file(s)
01/18/24 09:44:38 Event: ULOG_JOB_TERMINATED for HTCondor Node A (1170.7.0) {01/18/24 09:44:35}
01/18/24 09:44:38 Number of idle job procs: 0
01/18/24 09:44:38 Node A job proc (1170.7.0) completed successfully.
01/18/24 09:44:38 Node A job completed
01/18/24 09:44:38 DAG status: 0 (DAG_STATUS_OK)
01/18/24 09:44:38 Of 5 nodes total:
01/18/24 09:44:38  Done     Pre   Queued    Post   Ready   Un-Ready   Failed   Futile
01/18/24 09:44:38   ===     ===      ===     ===     ===        ===      ===      ===
01/18/24 09:44:38     1       0        0       0       2          2        0        0
01/18/24 09:44:38 0 job proc(s) currently held
01/18/24 09:44:38 DAGMan Runtime Statistics: [ EventCycleTimeAvg = 0.008541175297328405; EventCycleTimeCount = 7.0; EventCycleTimeMax = 0.05477499961853027; EventCycleTimeMin = 1.9073486328125E-05; EventCycleTimeStd = 0.02042375196117073; EventCycleTimeSum = 0.05978822708129883; LogProcessCycleTimeAvg = 0.001272499561309814; LogProcessCycleTimeCount = 4.0; LogProcessCycleTimeMax = 0.003371953964233398; LogProcessCycleTimeMin = 0.0002031326293945312; LogProcessCycleTimeStd = 0.001468326576713954; LogProcessCycleTimeSum = 0.005089998245239258; SleepCycleTimeAvg = 5.004827976226807; SleepCycleTimeCount = 7.0; SleepCycleTimeMax = 5.005195140838623; SleepCycleTimeMin = 5.004134893417358; SleepCycleTimeStd = 0.0004005375125645903; SleepCycleTimeSum = 35.03379583358765; SubmitCycleTimeAvg = 0.006743520498275757; SubmitCycleTimeCount = 8.0; SubmitCycleTimeMax = 0.05391812324523926; SubmitCycleTimeMin = 3.814697265625E-06; SubmitCycleTimeStd = 0.01906141800677218; SubmitCycleTimeSum = 0.05394816398620605; ]
01/18/24 09:44:43 Submitting HTCondor Node B job(s)...
01/18/24 09:44:43 Submitting node B from file /home/ubuntu/Project7008/code/EDA/EDA_train/EDA_train.sub using direct job submission
01/18/24 09:44:43 	assigned HTCondor ID (1171.0.0)
01/18/24 09:44:43 Submitting HTCondor Node C job(s)...
01/18/24 09:44:43 Submitting node C from file /home/ubuntu/Project7008/code/EDA/EDA_test/EDA_test.sub using direct job submission
01/18/24 09:44:43 	assigned HTCondor ID (1172.0.0)
01/18/24 09:44:43 Just submitted 2 jobs this cycle...
01/18/24 09:44:43 DAG status: 0 (DAG_STATUS_OK)
01/18/24 09:44:43 Of 5 nodes total:
01/18/24 09:44:43  Done     Pre   Queued    Post   Ready   Un-Ready   Failed   Futile
01/18/24 09:44:43   ===     ===      ===     ===     ===        ===      ===      ===
01/18/24 09:44:43     1       0        2       0       0          2        0        0
01/18/24 09:44:43 0 job proc(s) currently held
01/18/24 09:44:43 DAGMan Runtime Statistics: [ EventCycleTimeAvg = 0.007522016763687134; EventCycleTimeCount = 8.0; EventCycleTimeMax = 0.05477499961853027; EventCycleTimeMin = 1.9073486328125E-05; EventCycleTimeStd = 0.01912718400438574; EventCycleTimeSum = 0.06017613410949707; LogProcessCycleTimeAvg = 0.001272499561309814; LogProcessCycleTimeCount = 4.0; LogProcessCycleTimeMax = 0.003371953964233398; LogProcessCycleTimeMin = 0.0002031326293945312; LogProcessCycleTimeStd = 0.001468326576713954; LogProcessCycleTimeSum = 0.005089998245239258; SleepCycleTimeAvg = 5.004861742258072; SleepCycleTimeCount = 8.0; SleepCycleTimeMax = 5.005195140838623; SleepCycleTimeMin = 5.004134893417358; SleepCycleTimeStd = 0.0003829266833049981; SleepCycleTimeSum = 40.03889393806458; SubmitCycleTimeAvg = 0.008236593670315213; SubmitCycleTimeCount = 9.0; SubmitCycleTimeMax = 0.05391812324523926; SubmitCycleTimeMin = 3.814697265625E-06; SubmitCycleTimeStd = 0.01838433726977565; SubmitCycleTimeSum = 0.07412934303283691; ]
01/18/24 09:44:48 Currently monitoring 1 HTCondor log file(s)
01/18/24 09:44:48 Reassigning the id of job B from (1171.0.0) to (1171.0.0)
01/18/24 09:44:48 Event: ULOG_SUBMIT for HTCondor Node B (1171.0.0) {01/18/24 09:44:43}
01/18/24 09:44:48 Number of idle job procs: 1
01/18/24 09:44:48 Reassigning the id of job C from (1172.0.0) to (1172.0.0)
01/18/24 09:44:48 Event: ULOG_SUBMIT for HTCondor Node C (1172.0.0) {01/18/24 09:44:43}
01/18/24 09:44:48 Number of idle job procs: 2
01/18/24 09:49:48 Currently monitoring 1 HTCondor log file(s)
01/18/24 09:49:48 Event: ULOG_EXECUTE for HTCondor Node B (1171.0.0) {01/18/24 09:49:44}
01/18/24 09:49:48 Number of idle job procs: 1
01/18/24 09:49:48 Event: ULOG_EXECUTE for HTCondor Node C (1172.0.0) {01/18/24 09:49:44}
01/18/24 09:49:48 Number of idle job procs: 0
01/18/24 09:50:13 Currently monitoring 1 HTCondor log file(s)
01/18/24 09:50:13 Event: ULOG_JOB_TERMINATED for HTCondor Node C (1172.0.0) {01/18/24 09:50:11}
01/18/24 09:50:13 Number of idle job procs: 0
01/18/24 09:50:13 Node C job proc (1172.0.0) completed successfully.
01/18/24 09:50:13 Node C job completed
01/18/24 09:50:13 DAG status: 0 (DAG_STATUS_OK)
01/18/24 09:50:13 Of 5 nodes total:
01/18/24 09:50:13  Done     Pre   Queued    Post   Ready   Un-Ready   Failed   Futile
01/18/24 09:50:13   ===     ===      ===     ===     ===        ===      ===      ===
01/18/24 09:50:13     2       0        1       0       0          2        0        0
01/18/24 09:50:13 0 job proc(s) currently held
01/18/24 09:50:13 DAGMan Runtime Statistics: [ EventCycleTimeAvg = 0.001200669520610088; EventCycleTimeCount = 74.0; EventCycleTimeMax = 0.05477499961853027; EventCycleTimeMin = 1.811981201171875E-05; EventCycleTimeStd = 0.006809279062087422; EventCycleTimeSum = 0.08884954452514648; LogProcessCycleTimeAvg = 0.0008105891091482979; LogProcessCycleTimeCount = 7.0; LogProcessCycleTimeMax = 0.003371953964233398; LogProcessCycleTimeMin = 0.0001749992370605469; LogProcessCycleTimeStd = 0.001187442868983144; LogProcessCycleTimeSum = 0.005674123764038086; SleepCycleTimeAvg = 4.990749114268535; SleepCycleTimeCount = 74.0; SleepCycleTimeMax = 5.006265878677368; SleepCycleTimeMin = 4.004130125045776; SleepCycleTimeStd = 0.1162700699123968; SleepCycleTimeSum = 369.3154344558716; SubmitCycleTimeAvg = 0.0009925810496012369; SubmitCycleTimeCount = 75.0; SubmitCycleTimeMax = 0.05391812324523926; SubmitCycleTimeMin = 3.814697265625E-06; SubmitCycleTimeStd = 0.006617497651787258; SubmitCycleTimeSum = 0.07444357872009277; ]
01/18/24 09:50:28 Currently monitoring 1 HTCondor log file(s)
01/18/24 09:50:28 Event: ULOG_JOB_TERMINATED for HTCondor Node B (1171.0.0) {01/18/24 09:50:23}
01/18/24 09:50:28 Number of idle job procs: 0
01/18/24 09:50:28 Node B job proc (1171.0.0) completed successfully.
01/18/24 09:50:28 Node B job completed
01/18/24 09:50:28 DAG status: 0 (DAG_STATUS_OK)
01/18/24 09:50:28 Of 5 nodes total:
01/18/24 09:50:28  Done     Pre   Queued    Post   Ready   Un-Ready   Failed   Futile
01/18/24 09:50:28   ===     ===      ===     ===     ===        ===      ===      ===
01/18/24 09:50:28     3       0        0       0       1          1        0        0
01/18/24 09:50:28 0 job proc(s) currently held
01/18/24 09:50:28 DAGMan Runtime Statistics: [ EventCycleTimeAvg = 0.001158983676464527; EventCycleTimeCount = 77.0; EventCycleTimeMax = 0.05477499961853027; EventCycleTimeMin = 1.597404479980469E-05; EventCycleTimeStd = 0.006676858950769283; EventCycleTimeSum = 0.08924174308776855; LogProcessCycleTimeAvg = 0.0007354021072387695; LogProcessCycleTimeCount = 8.0; LogProcessCycleTimeMax = 0.003371953964233398; LogProcessCycleTimeMin = 0.0001749992370605469; LogProcessCycleTimeStd = 0.001119738246003282; LogProcessCycleTimeSum = 0.005883216857910156; SleepCycleTimeAvg = 4.991263470092377; SleepCycleTimeCount = 77.0; SleepCycleTimeMax = 5.006265878677368; SleepCycleTimeMin = 4.004130125045776; SleepCycleTimeStd = 0.1139814882478806; SleepCycleTimeSum = 384.327287197113; SubmitCycleTimeAvg = 0.0009545729710505559; SubmitCycleTimeCount = 78.0; SubmitCycleTimeMax = 0.05391812324523926; SubmitCycleTimeMin = 3.814697265625E-06; SubmitCycleTimeStd = 0.006490123726292601; SubmitCycleTimeSum = 0.07445669174194336; ]
01/18/24 09:50:33 Submitting HTCondor Node D job(s)...
01/18/24 09:50:33 Submitting node D from file /home/ubuntu/Project7008/code/post-processing/post-processing.sub using direct job submission
01/18/24 09:50:33 	assigned HTCondor ID (1173.0.0)
01/18/24 09:50:33 Just submitted 1 job this cycle...
01/18/24 09:50:33 DAG status: 0 (DAG_STATUS_OK)
01/18/24 09:50:33 Of 5 nodes total:
01/18/24 09:50:33  Done     Pre   Queued    Post   Ready   Un-Ready   Failed   Futile
01/18/24 09:50:33   ===     ===      ===     ===     ===        ===      ===      ===
01/18/24 09:50:33     3       0        1       0       0          1        0        0
01/18/24 09:50:33 0 job proc(s) currently held
01/18/24 09:50:33 DAGMan Runtime Statistics: [ EventCycleTimeAvg = 0.001148752677134978; EventCycleTimeCount = 78.0; EventCycleTimeMax = 0.05477499961853027; EventCycleTimeMin = 1.597404479980469E-05; EventCycleTimeStd = 0.006633976420334168; EventCycleTimeSum = 0.08960270881652832; LogProcessCycleTimeAvg = 0.0007354021072387695; LogProcessCycleTimeCount = 8.0; LogProcessCycleTimeMax = 0.003371953964233398; LogProcessCycleTimeMin = 0.0001749992370605469; LogProcessCycleTimeStd = 0.001119738246003282; LogProcessCycleTimeSum = 0.005883216857910156; SleepCycleTimeAvg = 4.991440824973277; SleepCycleTimeCount = 78.0; SleepCycleTimeMax = 5.006265878677368; SleepCycleTimeMin = 4.004130125045776; SleepCycleTimeStd = 0.1132497625727775; SleepCycleTimeSum = 389.3323843479156; SubmitCycleTimeAvg = 0.001135183286063279; SubmitCycleTimeCount = 79.0; SubmitCycleTimeMax = 0.05391812324523926; SubmitCycleTimeMin = 3.814697265625E-06; SubmitCycleTimeStd = 0.006645199086276133; SubmitCycleTimeSum = 0.08967947959899902; ]
01/18/24 09:50:38 Currently monitoring 1 HTCondor log file(s)
01/18/24 09:50:38 Reassigning the id of job D from (1173.0.0) to (1173.0.0)
01/18/24 09:50:38 Event: ULOG_SUBMIT for HTCondor Node D (1173.0.0) {01/18/24 09:50:33}
01/18/24 09:50:38 Number of idle job procs: 1
01/18/24 09:50:38 Reassigning the id of job D from (1173.0.0) to (1173.1.0)
01/18/24 09:50:38 Event: ULOG_SUBMIT for HTCondor Node D (1173.1.0) {01/18/24 09:50:33}
01/18/24 09:50:38 Number of idle job procs: 2
01/18/24 09:50:38 Event: ULOG_EXECUTE for HTCondor Node D (1173.0.0) {01/18/24 09:50:34}
01/18/24 09:50:38 Number of idle job procs: 1
01/18/24 09:50:38 Event: ULOG_EXECUTE for HTCondor Node D (1173.1.0) {01/18/24 09:50:34}
01/18/24 09:50:38 Number of idle job procs: 0
01/18/24 09:50:48 Currently monitoring 1 HTCondor log file(s)
01/18/24 09:50:48 Event: ULOG_JOB_TERMINATED for HTCondor Node D (1173.1.0) {01/18/24 09:50:44}
01/18/24 09:50:48 Number of idle job procs: 0
01/18/24 09:50:48 Node D job proc (1173.1.0) completed successfully.
01/18/24 09:50:58 Currently monitoring 1 HTCondor log file(s)
01/18/24 09:50:58 Event: ULOG_JOB_TERMINATED for HTCondor Node D (1173.0.0) {01/18/24 09:50:53}
01/18/24 09:50:58 Number of idle job procs: 0
01/18/24 09:50:58 Node D job proc (1173.0.0) completed successfully.
01/18/24 09:50:58 Node D job completed
01/18/24 09:50:58 DAG status: 0 (DAG_STATUS_OK)
01/18/24 09:50:58 Of 5 nodes total:
01/18/24 09:50:58  Done     Pre   Queued    Post   Ready   Un-Ready   Failed   Futile
01/18/24 09:50:58   ===     ===      ===     ===     ===        ===      ===      ===
01/18/24 09:50:58     4       0        0       0       1          0        0        0
01/18/24 09:50:58 0 job proc(s) currently held
01/18/24 09:50:58 DAGMan Runtime Statistics: [ EventCycleTimeAvg = 0.00127993147057223; EventCycleTimeCount = 83.0; EventCycleTimeMax = 0.05477499961853027; EventCycleTimeMin = 1.597404479980469E-05; EventCycleTimeStd = 0.006639187052005515; EventCycleTimeSum = 0.1062343120574951; LogProcessCycleTimeAvg = 0.0005953311920166016; LogProcessCycleTimeCount = 11.0; LogProcessCycleTimeMax = 0.003371953964233398; LogProcessCycleTimeMin = 0.0001749992370605469; LogProcessCycleTimeStd = 0.0009673704030710702; LogProcessCycleTimeSum = 0.006548643112182617; SleepCycleTimeAvg = 4.99216910442674; SleepCycleTimeCount = 83.0; SleepCycleTimeMax = 5.006265878677368; SleepCycleTimeMin = 4.004130125045776; SleepCycleTimeStd = 0.1097809960608452; SleepCycleTimeSum = 414.3500356674194; SubmitCycleTimeAvg = 0.001067865462530227; SubmitCycleTimeCount = 84.0; SubmitCycleTimeMax = 0.05391812324523926; SubmitCycleTimeMin = 3.814697265625E-06; SubmitCycleTimeStd = 0.006447555611125599; SubmitCycleTimeSum = 0.08970069885253906; ]
01/18/24 09:51:03 Submitting HTCondor Node E job(s)...
01/18/24 09:51:03 Submitting node E from file /home/ubuntu/Project7008/code/Model/model.sub using direct job submission
01/18/24 09:51:03 	assigned HTCondor ID (1174.0.0)
01/18/24 09:51:03 Just submitted 1 job this cycle...
01/18/24 09:51:03 DAG status: 0 (DAG_STATUS_OK)
01/18/24 09:51:03 Of 5 nodes total:
01/18/24 09:51:03  Done     Pre   Queued    Post   Ready   Un-Ready   Failed   Futile
01/18/24 09:51:03   ===     ===      ===     ===     ===        ===      ===      ===
01/18/24 09:51:03     4       0        1       0       0          0        0        0
01/18/24 09:51:03 0 job proc(s) currently held
01/18/24 09:51:03 DAGMan Runtime Statistics: [ EventCycleTimeAvg = 0.001268540109906878; EventCycleTimeCount = 84.0; EventCycleTimeMax = 0.05477499961853027; EventCycleTimeMin = 1.597404479980469E-05; EventCycleTimeStd = 0.006599896580663232; EventCycleTimeSum = 0.1065573692321777; LogProcessCycleTimeAvg = 0.0005953311920166016; LogProcessCycleTimeCount = 11.0; LogProcessCycleTimeMax = 0.003371953964233398; LogProcessCycleTimeMin = 0.0001749992370605469; LogProcessCycleTimeStd = 0.0009673704030710702; LogProcessCycleTimeSum = 0.006548643112182617; SleepCycleTimeAvg = 4.992334496407282; SleepCycleTimeCount = 84.0; SleepCycleTimeMax = 5.006265878677368; SleepCycleTimeMin = 4.004130125045776; SleepCycleTimeStd = 0.1091281891020451; SleepCycleTimeSum = 419.3560976982117; SubmitCycleTimeAvg = 0.001438009037691004; SubmitCycleTimeCount = 85.0; SubmitCycleTimeMax = 0.05391812324523926; SubmitCycleTimeMin = 3.814697265625E-06; SubmitCycleTimeStd = 0.007260965049383073; SubmitCycleTimeSum = 0.1222307682037354; ]
01/18/24 09:51:08 Currently monitoring 1 HTCondor log file(s)
01/18/24 09:51:08 Reassigning the id of job E from (1174.0.0) to (1174.0.0)
01/18/24 09:51:08 Event: ULOG_SUBMIT for HTCondor Node E (1174.0.0) {01/18/24 09:51:03}
01/18/24 09:51:08 Number of idle job procs: 1
01/18/24 09:51:08 Event: ULOG_EXECUTE for HTCondor Node E (1174.0.0) {01/18/24 09:51:04}
01/18/24 09:51:08 Number of idle job procs: 0
01/18/24 09:52:28 Currently monitoring 1 HTCondor log file(s)
01/18/24 09:52:28 Event: ULOG_JOB_TERMINATED for HTCondor Node E (1174.0.0) {01/18/24 09:52:27}
01/18/24 09:52:28 Number of idle job procs: 0
01/18/24 09:52:28 Node E job proc (1174.0.0) completed successfully.
01/18/24 09:52:28 Node E job completed
01/18/24 09:52:28 DAG status: 0 (DAG_STATUS_OK)
01/18/24 09:52:28 Of 5 nodes total:
01/18/24 09:52:28  Done     Pre   Queued    Post   Ready   Un-Ready   Failed   Futile
01/18/24 09:52:28   ===     ===      ===     ===     ===        ===      ===      ===
01/18/24 09:52:28     5       0        0       0       0          0        0        0
01/18/24 09:52:28 0 job proc(s) currently held
01/18/24 09:52:28 DAGMan Runtime Statistics: [ EventCycleTimeAvg = 0.001391009529038231; EventCycleTimeCount = 101.0; EventCycleTimeMax = 0.05477499961853027; EventCycleTimeMin = 1.597404479980469E-05; EventCycleTimeStd = 0.006834751691376111; EventCycleTimeSum = 0.1404919624328613; LogProcessCycleTimeAvg = 0.0005355064685528094; LogProcessCycleTimeCount = 13.0; LogProcessCycleTimeMax = 0.003371953964233398; LogProcessCycleTimeMin = 0.0001749992370605469; LogProcessCycleTimeStd = 0.0008950941598442418; LogProcessCycleTimeSum = 0.006961584091186523; SleepCycleTimeAvg = 4.994334959747768; SleepCycleTimeCount = 101.0; SleepCycleTimeMax = 5.006265878677368; SleepCycleTimeMin = 4.004130125045776; SleepCycleTimeStd = 0.09952187956576782; SleepCycleTimeSum = 504.4278309345245; SubmitCycleTimeAvg = 0.001199236103132659; SubmitCycleTimeCount = 102.0; SubmitCycleTimeMax = 0.05391812324523926; SubmitCycleTimeMin = 3.814697265625E-06; SubmitCycleTimeStd = 0.006643460330760732; SubmitCycleTimeSum = 0.1223220825195312; ]
01/18/24 09:52:28 All jobs Completed!
01/18/24 09:52:28 Note: 0 total job deferrals because of -MaxJobs limit (0)
01/18/24 09:52:28 Note: 0 total job deferrals because of -MaxIdle limit (1000)
01/18/24 09:52:28 Note: 0 total job deferrals because of node category throttles
01/18/24 09:52:28 Note: 0 total PRE script deferrals because of -MaxPre limit (20) or DEFER
01/18/24 09:52:28 Note: 0 total POST script deferrals because of -MaxPost limit (20) or DEFER
01/18/24 09:52:28 Note: 0 total HOLD script deferrals because of -MaxHold limit (20) or DEFER
01/18/24 09:52:28 DAG status: 0 (DAG_STATUS_OK)
01/18/24 09:52:28 Of 5 nodes total:
01/18/24 09:52:28  Done     Pre   Queued    Post   Ready   Un-Ready   Failed   Futile
01/18/24 09:52:28   ===     ===      ===     ===     ===        ===      ===      ===
01/18/24 09:52:28     5       0        0       0       0          0        0        0
01/18/24 09:52:28 0 job proc(s) currently held
01/18/24 09:52:28 DAGMan Runtime Statistics: [ EventCycleTimeAvg = 0.001391009529038231; EventCycleTimeCount = 101.0; EventCycleTimeMax = 0.05477499961853027; EventCycleTimeMin = 1.597404479980469E-05; EventCycleTimeStd = 0.006834751691376111; EventCycleTimeSum = 0.1404919624328613; LogProcessCycleTimeAvg = 0.0005355064685528094; LogProcessCycleTimeCount = 13.0; LogProcessCycleTimeMax = 0.003371953964233398; LogProcessCycleTimeMin = 0.0001749992370605469; LogProcessCycleTimeStd = 0.0008950941598442418; LogProcessCycleTimeSum = 0.006961584091186523; SleepCycleTimeAvg = 4.994334959747768; SleepCycleTimeCount = 101.0; SleepCycleTimeMax = 5.006265878677368; SleepCycleTimeMin = 4.004130125045776; SleepCycleTimeStd = 0.09952187956576782; SleepCycleTimeSum = 504.4278309345245; SubmitCycleTimeAvg = 0.001199236103132659; SubmitCycleTimeCount = 102.0; SubmitCycleTimeMax = 0.05391812324523926; SubmitCycleTimeMin = 3.814697265625E-06; SubmitCycleTimeStd = 0.006643460330760732; SubmitCycleTimeSum = 0.1223220825195312; ]
01/18/24 09:52:28 Wrote metrics file workflow.dag.metrics.
01/18/24 09:52:28 DAGMan Runtime Statistics: [ EventCycleTimeAvg = 0.001391009529038231; EventCycleTimeCount = 101.0; EventCycleTimeMax = 0.05477499961853027; EventCycleTimeMin = 1.597404479980469E-05; EventCycleTimeStd = 0.006834751691376111; EventCycleTimeSum = 0.1404919624328613; LogProcessCycleTimeAvg = 0.0005355064685528094; LogProcessCycleTimeCount = 13.0; LogProcessCycleTimeMax = 0.003371953964233398; LogProcessCycleTimeMin = 0.0001749992370605469; LogProcessCycleTimeStd = 0.0008950941598442418; LogProcessCycleTimeSum = 0.006961584091186523; SleepCycleTimeAvg = 4.994334959747768; SleepCycleTimeCount = 101.0; SleepCycleTimeMax = 5.006265878677368; SleepCycleTimeMin = 4.004130125045776; SleepCycleTimeStd = 0.09952187956576782; SleepCycleTimeSum = 504.4278309345245; SubmitCycleTimeAvg = 0.001199236103132659; SubmitCycleTimeCount = 102.0; SubmitCycleTimeMax = 0.05391812324523926; SubmitCycleTimeMin = 3.814697265625E-06; SubmitCycleTimeStd = 0.006643460330760732; SubmitCycleTimeSum = 0.1223220825195312; ]
01/18/24 09:52:28 **** condor_scheduniv_exec.1169.0 (condor_DAGMAN) pid 3526 EXITING WITH STATUS 0
